Arguments: 
  C:\Program Files\nodejs\node.exe C:\Users\richard.bastos\AppData\Roaming\npm\node_modules\yarn\bin\yarn.js start

PATH: 
  C:\Program Files (x86)\Common Files\Oracle\Java\javapath;C:\WINDOWS\system32;C:\WINDOWS;C:\WINDOWS\System32\Wbem;C:\WINDOWS\System32\WindowsPowerShell\v1.0\;C:\WINDOWS\System32\OpenSSH\;C:\Program Files\nodejs\;C:\Program Files (x86)\Microsoft SQL Server\150\DTS\Binn\;C:\Program Files\Azure Data Studio\bin;C:\Program Files\Git\cmd;C:\Program Files\dotnet\;C:\Users\richard.bastos\AppData\Local\Programs\Python\Python310\Scripts\;C:\Users\richard.bastos\AppData\Local\Programs\Python\Python310\;C:\Users\richard.bastos\AppData\Local\Microsoft\WindowsApps;C:\Users\richard.bastos\AppData\Local\Programs\Microsoft VS Code\bin;C:\Users\richard.bastos\AppData\Roaming\npm;C:\Users\richard.bastos\AppData\Local\GitHubDesktop\bin;C:\Program Files\Azure Data Studio\bin;C:\Program Files\JetBrains\PyCharm Community Edition 2021.2.2\bin;;

Yarn version: 
  1.22.15

Node version: 
  14.18.0

Platform: 
  win32 x64

Trace: 
  SyntaxError: C:\Users\richard.bastos\Documents\SLAPLIC2\SLWEB_Backend-dev\package.json: Unexpected token < in JSON at position 30
      at JSON.parse (<anonymous>)
      at C:\Users\richard.bastos\AppData\Roaming\npm\node_modules\yarn\lib\cli.js:1625:59
      at Generator.next (<anonymous>)
      at step (C:\Users\richard.bastos\AppData\Roaming\npm\node_modules\yarn\lib\cli.js:310:30)
      at C:\Users\richard.bastos\AppData\Roaming\npm\node_modules\yarn\lib\cli.js:321:13

npm manifest: 
  {
    "name": "adonis-api-app",
  <<<<<<< HEAD
    "version": "9.9.0",
  =======
    "version": "9.9.1",
  >>>>>>> ca014ee15eef9edc5d7307d889be49583356a866
    "adonis-version": "4.1.0",
    "description": "Adonisjs boilerplate for API server with pre-configured JWT",
    "main": "index.js",
    "scripts": {
      "start": "adonis serve --dev",
      "test": "node ace test"
    },
    "keywords": [
      "adonisjs",
      "adonis-app"
    ],
    "author": "",
    "license": "UNLICENSED",
    "private": true,
    "dependencies": {
      "@adonisjs/ace": "5.0.8",
      "@adonisjs/auth": "3.0.7",
      "@adonisjs/bodyparser": "2.0.5",
      "@adonisjs/cors": "1.0.7",
      "@adonisjs/drive": "1.0.4",
      "@adonisjs/fold": "4.0.9",
      "@adonisjs/framework": "5.0.9",
      "@adonisjs/ignitor": "2.0.8",
      "@adonisjs/lucid": "6.1.3",
      "@adonisjs/mail": "3.0.10",
      "axios": "0.21.1",
      "jsonwebtoken": "8.5.1",
      "mime-types": "^2.1.35",
      "moment": "2.29.1",
      "mssql": "4.1.0",
      "pdfmake": "0.1.71",
      "pg": "8.7.1",
      "qrcode": "1.5.0",
      "stream-to-array": "2.3.0",
      "winston": "^3.5.1",
      "xlsx": "0.16.9"
    },
    "devDependencies": {
      "@adonisjs/cli": "^4.0.13"
    },
    "autoload": {
      "App": "./app"
    }
  }

yarn manifest: 
  No manifest

Lockfile: 
  No lockfile
